<?xml version="1.0" encoding="utf-8"?><testsuites name="pytest tests"><testsuite name="pytest" errors="0" failures="1" skipped="0" tests="13" time="62.301" timestamp="2026-05-14T03:39:04.034982+00:00" hostname="agent-env-9292dc3b-25e8-427d-a5b0-6cabf1cf2223"><testcase classname="tests.test_iteration4.TestRetrievalFallbackUX" name="test_contemplative_filter_returns_suggestions" time="27.552" /><testcase classname="tests.test_iteration4.TestProviderLiteral" name="test_unsupported_provider_returns_422" time="0.105" /><testcase classname="tests.test_iteration4.TestProviderLiteral" name="test_cleanup_literal_project" time="0.050" /><testcase classname="tests.test_iteration4.TestTrimOverride" name="test_trim_override_bypasses_adaptive_trim" time="29.799" /><testcase classname="tests.test_iteration4.TestTrimOverride" name="test_cleanup_trim_project" time="0.051" /><testcase classname="tests.test_iteration4.TestImportPhases" name="test_validate_selection_empty_url_raises" time="0.245" /><testcase classname="tests.test_iteration4.TestImportPhases" name="test_extract_metadata_for_mp4_bytes" time="0.040" /><testcase classname="tests.test_iteration4.TestImportPhases" name="test_pexels_search_missing_key_returns_empty" time="1.360"><failure message="TypeError: _pexels_search() got an unexpected keyword argument 'per_query'">tests/test_iteration4.py:193: in test_pexels_search_missing_key_returns_empty
    result = asyncio.run(P._pexels_search("forest", per_query=2))
                         ^^^^^^^^^^^^^^^^^^^^^^^^^^^^^^^^^^^^^^^
E   TypeError: _pexels_search() got an unexpected keyword argument 'per_query'</failure></testcase><testcase classname="tests.test_iteration4.TestProvenance" name="test_provenance_json" time="2.694" /><testcase classname="tests.test_iteration4.TestProvenance" name="test_provenance_text" time="0.045" /><testcase classname="tests.test_iteration4.TestProvenance" name="test_provenance_download_disposition" time="0.057" /><testcase classname="tests.test_iteration4.TestProvenance" name="test_provenance_unknown_job_404" time="0.046" /><testcase classname="tests.test_iteration4.TestProvenance" name="test_cleanup_provenance" time="0.091" /></testsuite></testsuites>