<?xml version="1.0" encoding="utf-8"?><testsuites name="pytest tests"><testsuite name="pytest" errors="0" failures="0" skipped="0" tests="31" time="128.862" timestamp="2026-05-14T03:40:29.420894+00:00" hostname="agent-env-9292dc3b-25e8-427d-a5b0-6cabf1cf2223"><testcase classname="tests.backend_test.TestHealth" name="test_health" time="0.206" /><testcase classname="tests.backend_test.TestHealth" name="test_ambient_library" time="0.061" /><testcase classname="tests.backend_test.TestHealth" name="test_narration_voices" time="0.046" /><testcase classname="tests.backend_test.TestProjectsCRUD" name="test_create_project" time="0.051" /><testcase classname="tests.backend_test.TestProjectsCRUD" name="test_list_projects" time="0.050" /><testcase classname="tests.backend_test.TestProjectsCRUD" name="test_get_project" time="0.052" /><testcase classname="tests.backend_test.TestProjectsCRUD" name="test_patch_project_render_config" time="0.049" /><testcase classname="tests.backend_test.TestProjectsCRUD" name="test_404_unknown_project" time="0.055" /><testcase classname="tests.backend_test.TestMediaUpload" name="test_upload_clip" time="0.252" /><testcase classname="tests.backend_test.TestMediaUpload" name="test_list_media" time="0.045" /><testcase classname="tests.backend_test.TestMediaUpload" name="test_serve_file" time="0.162" /><testcase classname="tests.backend_test.TestMediaUpload" name="test_invalid_kind" time="0.051" /><testcase classname="tests.backend_test.TestTTS" name="test_tts_synthesize" time="1.816" /><testcase classname="tests.backend_test.TestRenderFlow" name="test_build_timeline_and_render" time="4.400" /><testcase classname="tests.backend_test.TestRenderFlow" name="test_download_rendered_mp4" time="0.476" /><testcase classname="tests.backend_test.TestRenderFlow" name="test_list_renders" time="0.049" /><testcase classname="tests.backend_test.TestCleanup" name="test_delete_media" time="0.050" /><testcase classname="tests.backend_test.TestCleanup" name="test_delete_project" time="0.095" /><testcase classname="tests.test_retrieval.TestRegression" name="test_health_ok" time="0.191" /><testcase classname="tests.test_retrieval.TestAnalyze" name="test_analyze_contemplative" time="6.166" /><testcase classname="tests.test_retrieval.TestSearch" name="test_search_contemplative_filters" time="29.877" /><testcase classname="tests.test_retrieval.TestSearch" name="test_search_open_mode_returns_more" time="26.170" /><testcase classname="tests.test_retrieval.TestSearch" name="test_search_with_precomputed_rubric" time="21.884" /><testcase classname="tests.test_retrieval.TestSearch" name="test_search_no_description_no_rubric_400" time="0.054" /><testcase classname="tests.test_retrieval.TestAssemble" name="test_assemble_appends_segments" time="35.315" /><testcase classname="tests.test_retrieval.TestAssemble" name="test_media_assets_created_with_attribution" time="0.050" /><testcase classname="tests.test_retrieval.TestAssemble" name="test_serve_assembled_clip_bytes" time="0.696" /><testcase classname="tests.test_retrieval.TestAssemble" name="test_assemble_empty_selections_400" time="0.044" /><testcase classname="tests.test_retrieval.TestAssemble" name="test_assemble_unknown_project_404" time="0.046" /><testcase classname="tests.test_retrieval.TestManualUploadRegression" name="test_manual_upload_still_works" time="0.222" /><testcase classname="tests.test_retrieval.TestCleanup" name="test_delete_project" time="0.093" /></testsuite></testsuites>