<?xml version="1.0" encoding="utf-8"?><testsuites name="pytest tests"><testsuite name="pytest" errors="0" failures="0" skipped="0" tests="18" time="18.161" timestamp="2026-05-13T15:07:38.437841+00:00" hostname="agent-env-9292dc3b-25e8-427d-a5b0-6cabf1cf2223"><testcase classname="backend.tests.backend_test.TestHealth" name="test_health" time="0.340" /><testcase classname="backend.tests.backend_test.TestHealth" name="test_ambient_library" time="0.081" /><testcase classname="backend.tests.backend_test.TestHealth" name="test_narration_voices" time="0.077" /><testcase classname="backend.tests.backend_test.TestProjectsCRUD" name="test_create_project" time="0.074" /><testcase classname="backend.tests.backend_test.TestProjectsCRUD" name="test_list_projects" time="0.074" /><testcase classname="backend.tests.backend_test.TestProjectsCRUD" name="test_get_project" time="0.074" /><testcase classname="backend.tests.backend_test.TestProjectsCRUD" name="test_patch_project_render_config" time="0.073" /><testcase classname="backend.tests.backend_test.TestProjectsCRUD" name="test_404_unknown_project" time="0.076" /><testcase classname="backend.tests.backend_test.TestMediaUpload" name="test_upload_clip" time="0.287" /><testcase classname="backend.tests.backend_test.TestMediaUpload" name="test_list_media" time="0.079" /><testcase classname="backend.tests.backend_test.TestMediaUpload" name="test_serve_file" time="0.251" /><testcase classname="backend.tests.backend_test.TestMediaUpload" name="test_invalid_kind" time="0.072" /><testcase classname="backend.tests.backend_test.TestTTS" name="test_tts_synthesize" time="1.741" /><testcase classname="backend.tests.backend_test.TestRenderFlow" name="test_build_timeline_and_render" time="13.889" /><testcase classname="backend.tests.backend_test.TestRenderFlow" name="test_download_rendered_mp4" time="0.580" /><testcase classname="backend.tests.backend_test.TestRenderFlow" name="test_list_renders" time="0.079" /><testcase classname="backend.tests.backend_test.TestCleanup" name="test_delete_media" time="0.073" /><testcase classname="backend.tests.backend_test.TestCleanup" name="test_delete_project" time="0.155" /></testsuite></testsuites>