<?xml version="1.0" encoding="utf-8"?><testsuites name="pytest tests"><testsuite name="pytest" errors="0" failures="8" skipped="1" tests="31" time="129.892" timestamp="2026-05-14T01:49:14.889028+00:00" hostname="agent-env-9292dc3b-25e8-427d-a5b0-6cabf1cf2223"><testcase classname="backend.tests.backend_test.TestHealth" name="test_health" time="0.296" /><testcase classname="backend.tests.backend_test.TestHealth" name="test_ambient_library" time="0.076" /><testcase classname="backend.tests.backend_test.TestHealth" name="test_narration_voices" time="0.075" /><testcase classname="backend.tests.backend_test.TestProjectsCRUD" name="test_create_project" time="0.081" /><testcase classname="backend.tests.backend_test.TestProjectsCRUD" name="test_list_projects" time="0.074" /><testcase classname="backend.tests.backend_test.TestProjectsCRUD" name="test_get_project" time="0.074" /><testcase classname="backend.tests.backend_test.TestProjectsCRUD" name="test_patch_project_render_config" time="0.073" /><testcase classname="backend.tests.backend_test.TestProjectsCRUD" name="test_404_unknown_project" time="0.072" /><testcase classname="backend.tests.backend_test.TestMediaUpload" name="test_upload_clip" time="0.001"><failure message="FileNotFoundError: [Errno 2] No such file or directory: '/tmp/test_clip.mp4'">backend/tests/backend_test.py:110: in test_upload_clip
    with open("/tmp/test_clip.mp4", "rb") as f:
         ^^^^^^^^^^^^^^^^^^^^^^^^^^^^^^^^
E   FileNotFoundError: [Errno 2] No such file or directory: '/tmp/test_clip.mp4'</failure></testcase><testcase classname="backend.tests.backend_test.TestMediaUpload" name="test_list_media" time="0.076"><failure message="KeyError: 'clip_id'">backend/tests/backend_test.py:131: in test_list_media
    assert state["clip_id"] in ids
           ^^^^^^^^^^^^^^^^
E   KeyError: 'clip_id'</failure></testcase><testcase classname="backend.tests.backend_test.TestMediaUpload" name="test_serve_file" time="0.000"><failure message="KeyError: 'clip_storage'">backend/tests/backend_test.py:134: in test_serve_file
    r = s.get(f"{API}/files/{state['clip_storage']}", timeout=60)
                             ^^^^^^^^^^^^^^^^^^^^^
E   KeyError: 'clip_storage'</failure></testcase><testcase classname="backend.tests.backend_test.TestMediaUpload" name="test_invalid_kind" time="0.070" /><testcase classname="backend.tests.backend_test.TestTTS" name="test_tts_synthesize" time="4.038" /><testcase classname="backend.tests.backend_test.TestRenderFlow" name="test_build_timeline_and_render" time="0.000"><failure message="KeyError: 'clip_id'">backend/tests/backend_test.py:172: in test_build_timeline_and_render
    {"kind": "clip", "asset_id": state["clip_id"], "duration": 2.0,
                                 ^^^^^^^^^^^^^^^^
E   KeyError: 'clip_id'</failure></testcase><testcase classname="backend.tests.backend_test.TestRenderFlow" name="test_download_rendered_mp4" time="0.075"><failure message="KeyError: 'output_id'">backend/tests/backend_test.py:228: in test_download_rendered_mp4
    match = next((m for m in r.json() if m["id"] == state["output_id"]), None)
            ^^^^^^^^^^^^^^^^^^^^^^^^^^^^^^^^^^^^^^^^^^^^^^^^^^^^^^^^^^^^^^^^^^
backend/tests/backend_test.py:228: in &lt;genexpr&gt;
    match = next((m for m in r.json() if m["id"] == state["output_id"]), None)
                                                    ^^^^^^^^^^^^^^^^^^
E   KeyError: 'output_id'</failure></testcase><testcase classname="backend.tests.backend_test.TestRenderFlow" name="test_list_renders" time="0.078"><failure message="KeyError: 'job_id'">backend/tests/backend_test.py:259: in test_list_renders
    assert state["job_id"] in ids
           ^^^^^^^^^^^^^^^
E   KeyError: 'job_id'</failure></testcase><testcase classname="backend.tests.backend_test.TestCleanup" name="test_delete_media" time="0.001"><failure message="KeyError: 'clip_id'">backend/tests/backend_test.py:267: in test_delete_media
    r = s.delete(f"{API}/media/{state['clip_id']}", timeout=30)
                                ^^^^^^^^^^^^^^^^
E   KeyError: 'clip_id'</failure></testcase><testcase classname="backend.tests.backend_test.TestCleanup" name="test_delete_project" time="0.145" /><testcase classname="backend.tests.test_retrieval.TestRegression" name="test_health_ok" time="0.268" /><testcase classname="backend.tests.test_retrieval.TestAnalyze" name="test_analyze_contemplative" time="6.306" /><testcase classname="backend.tests.test_retrieval.TestSearch" name="test_search_contemplative_filters" time="31.244"><failure message="assert (0 &gt; 0)">backend/tests/test_retrieval.py:105: in test_search_contemplative_filters
    assert c["width"] &gt; 0 and c["height"] &gt; 0
E   assert (0 &gt; 0)</failure></testcase><testcase classname="backend.tests.test_retrieval.TestSearch" name="test_search_open_mode_returns_more" time="25.258" /><testcase classname="backend.tests.test_retrieval.TestSearch" name="test_search_with_precomputed_rubric" time="21.285" /><testcase classname="backend.tests.test_retrieval.TestSearch" name="test_search_no_description_no_rubric_400" time="0.077" /><testcase classname="backend.tests.test_retrieval.TestAssemble" name="test_assemble_appends_segments" time="37.987" /><testcase classname="backend.tests.test_retrieval.TestAssemble" name="test_media_assets_created_with_attribution" time="0.078" /><testcase classname="backend.tests.test_retrieval.TestAssemble" name="test_serve_assembled_clip_bytes" time="1.697" /><testcase classname="backend.tests.test_retrieval.TestAssemble" name="test_assemble_empty_selections_400" time="0.076" /><testcase classname="backend.tests.test_retrieval.TestAssemble" name="test_assemble_unknown_project_404" time="0.069" /><testcase classname="backend.tests.test_retrieval.TestManualUploadRegression" name="test_manual_upload_still_works" time="0.000"><skipped type="pytest.skip" message="test_clip.mp4 not present">/app/backend/tests/test_retrieval.py:265: test_clip.mp4 not present</skipped></testcase><testcase classname="backend.tests.test_retrieval.TestCleanup" name="test_delete_project" time="0.071" /></testsuite></testsuites>