<?xml version="1.0" encoding="utf-8"?><testsuites name="pytest tests"><testsuite name="pytest" errors="0" failures="0" skipped="0" tests="8" time="111.169" timestamp="2026-05-14T10:16:58.892802+00:00" hostname="agent-env-1816efad-545d-4d6a-bc73-e8b27a5bd2ac"><testcase classname="backend.tests.test_render_progress.TestExistingEndpoints" name="test_health" time="0.180" /><testcase classname="backend.tests.test_render_progress.TestExistingEndpoints" name="test_list_projects" time="3.438" /><testcase classname="backend.tests.test_render_progress.TestExistingEndpoints" name="test_get_project" time="1.549" /><testcase classname="backend.tests.test_render_progress.TestExistingEndpoints" name="test_list_renders" time="1.251" /><testcase classname="backend.tests.test_render_progress.TestRenderKickoff" name="test_start_render_returns_queue_position" time="2.462" /><testcase classname="backend.tests.test_render_progress.TestRenderKickoff" name="test_get_render_has_all_fields" time="1.588" /><testcase classname="backend.tests.test_render_progress.TestStageProgression" name="test_render_runs_through_all_stages" time="95.987" /><testcase classname="backend.tests.test_render_progress.TestStageProgression" name="test_completed_size_matches_mp4" time="4.634" /></testsuite></testsuites>