<?xml version="1.0" encoding="utf-8"?><testsuites name="pytest tests"><testsuite name="pytest" errors="0" failures="0" skipped="0" tests="13" time="124.791" timestamp="2026-05-14T01:16:27.820095+00:00" hostname="agent-env-9292dc3b-25e8-427d-a5b0-6cabf1cf2223"><testcase classname="backend.tests.test_retrieval.TestRegression" name="test_health_ok" time="0.294" /><testcase classname="backend.tests.test_retrieval.TestAnalyze" name="test_analyze_contemplative" time="6.520" /><testcase classname="backend.tests.test_retrieval.TestSearch" name="test_search_contemplative_filters" time="29.750" /><testcase classname="backend.tests.test_retrieval.TestSearch" name="test_search_open_mode_returns_more" time="28.004" /><testcase classname="backend.tests.test_retrieval.TestSearch" name="test_search_with_precomputed_rubric" time="21.191" /><testcase classname="backend.tests.test_retrieval.TestSearch" name="test_search_no_description_no_rubric_400" time="0.079" /><testcase classname="backend.tests.test_retrieval.TestAssemble" name="test_assemble_appends_segments" time="37.317" /><testcase classname="backend.tests.test_retrieval.TestAssemble" name="test_media_assets_created_with_attribution" time="0.078" /><testcase classname="backend.tests.test_retrieval.TestAssemble" name="test_serve_assembled_clip_bytes" time="0.788" /><testcase classname="backend.tests.test_retrieval.TestAssemble" name="test_assemble_empty_selections_400" time="0.141" /><testcase classname="backend.tests.test_retrieval.TestAssemble" name="test_assemble_unknown_project_404" time="0.082" /><testcase classname="backend.tests.test_retrieval.TestManualUploadRegression" name="test_manual_upload_still_works" time="0.286" /><testcase classname="backend.tests.test_retrieval.TestCleanup" name="test_delete_project" time="0.163" /></testsuite></testsuites>