<?xml version="1.0" encoding="utf-8"?><testsuites name="pytest tests"><testsuite name="pytest" errors="0" failures="0" skipped="0" tests="11" time="145.000" timestamp="2026-05-14T01:42:21.481630+00:00" hostname="agent-env-9292dc3b-25e8-427d-a5b0-6cabf1cf2223"><testcase classname="backend.tests.test_stabilization.TestRenderQueueDedupe" name="test_setup_project_with_segments" time="0.667" /><testcase classname="backend.tests.test_stabilization.TestRenderQueueDedupe" name="test_duplicate_render_returns_same_job" time="0.343" /><testcase classname="backend.tests.test_stabilization.TestRenderQueueDedupe" name="test_renders_history_has_only_one_entry" time="1.104" /><testcase classname="backend.tests.test_stabilization.TestRenderQueueDedupe" name="test_fresh_render_after_completion_gets_new_id" time="2.239" /><testcase classname="backend.tests.test_stabilization.TestSearchCache" name="test_first_search_is_uncached" time="23.714" /><testcase classname="backend.tests.test_stabilization.TestSearchCache" name="test_second_search_is_cached_and_fast" time="0.337" /><testcase classname="backend.tests.test_stabilization.TestSearchCache" name="test_different_description_does_not_collide" time="24.391" /><testcase classname="backend.tests.test_stabilization.TestSearchCache" name="test_different_contemplative_mode_does_not_collide" time="23.125" /><testcase classname="backend.tests.test_stabilization.TestAttributionPersistence" name="test_assemble_and_verify_attribution" time="39.842" /><testcase classname="backend.tests.test_stabilization.TestProviderRetryResilience" name="test_unusual_keywords_still_return_safely" time="28.919" /><testcase classname="backend.tests.test_stabilization.TestCleanup" name="test_cleanup" time="0.228" /></testsuite></testsuites>